<?xml version="1.0" encoding="UTF-8"?>
<testng-results skipped="0" failed="0" ignored="0" total="1" passed="1">
  <reporter-output>
  </reporter-output>
  <suite name="Default suite" duration-ms="18741" started-at="2021-08-30T09:52:46Z" finished-at="2021-08-30T09:53:05Z">
    <groups>
      <group name="cucumber">
        <method signature="AbstractTestNGCucumberTests.runScenario(cucumber.api.testng.PickleEventWrapper, cucumber.api.testng.CucumberFeatureWrapper)[pri:0, instance:testRunners.Runner_Register_TestNG@5bcab519]" name="runScenario" class="cucumber.api.testng.AbstractTestNGCucumberTests"/>
      </group> <!-- cucumber -->
    </groups>
    <test name="Default test" duration-ms="18741" started-at="2021-08-30T09:52:46Z" finished-at="2021-08-30T09:53:05Z">
      <class name="testRunners.Runner_Register_TestNG">
        <test-method status="PASS" signature="setUpClass()[pri:0, instance:testRunners.Runner_Register_TestNG@5bcab519]" name="setUpClass" is-config="true" duration-ms="118" started-at="2021-08-30T09:52:46Z" finished-at="2021-08-30T09:52:47Z">
          <reporter-output>
          </reporter-output>
        </test-method> <!-- setUpClass -->
        <test-method status="PASS" signature="runScenario(cucumber.api.testng.PickleEventWrapper, cucumber.api.testng.CucumberFeatureWrapper)[pri:0, instance:testRunners.Runner_Register_TestNG@5bcab519]" name="runScenario" duration-ms="18551" started-at="2021-08-30T09:52:47Z" description="Runs Cucumber Scenarios" data-provider="scenarios" finished-at="2021-08-30T09:53:05Z">
          <params>
            <param index="0">
              <value>
                <![CDATA["Successful Registration with valid user information"]]>
              </value>
            </param>
            <param index="1">
              <value>
                <![CDATA["Test Php Travels Application"]]>
              </value>
            </param>
          </params>
          <reporter-output>
          </reporter-output>
        </test-method> <!-- runScenario -->
        <test-method status="PASS" signature="tearDownClass()[pri:0, instance:testRunners.Runner_Register_TestNG@5bcab519]" name="tearDownClass" is-config="true" duration-ms="6" started-at="2021-08-30T09:53:05Z" finished-at="2021-08-30T09:53:05Z">
          <reporter-output>
          </reporter-output>
        </test-method> <!-- tearDownClass -->
      </class> <!-- testRunners.Runner_Register_TestNG -->
    </test> <!-- Default test -->
  </suite> <!-- Default suite -->
</testng-results>
